2024-08-26 17:54:22,959 [Worker-7: Loading available Gradle versions] INFO  o.e.b.c.i.u.g.PublishedGradleVersions - Gradle version information cache is up-to-date. Trying to read.
2024-08-26 17:54:39,747 [Worker-4: Importing Maven projects] INFO  o.e.m.c.i.l.LifecycleMappingFactory - Using org.eclipse.m2e.jdt.JarLifecycleMapping lifecycle mapping for MavenProject: dio:spring-configuration-properties:0.0.1-SNAPSHOT @ C:\Estudos\DIO\BootcampSantanderDio\Aulas-SpringBoot\spring-configuration-properties\spring-configuration-properties\pom.xml.
2024-08-26 17:54:41,117 [Worker-4: Importing Maven projects] INFO  o.e.m.j.i.AbstractJavaProjectConfigurator - Adding source folder /spring-configuration-properties/src/main/java
2024-08-26 17:54:41,118 [Worker-4: Importing Maven projects] INFO  o.e.m.j.i.AbstractJavaProjectConfigurator - Adding resource folder /spring-configuration-properties/src/main/resources
2024-08-26 17:54:41,125 [Worker-4: Importing Maven projects] INFO  o.e.m.j.i.AbstractJavaProjectConfigurator - Adding resource folder /spring-configuration-properties/src/main/resources
2024-08-26 17:54:41,138 [Worker-4: Importing Maven projects] INFO  o.e.m.j.i.AbstractJavaProjectConfigurator - Adding source folder /spring-configuration-properties/src/test/java
2024-08-26 17:54:43,062 [Worker-4: Importing Maven projects] INFO  o.e.m.c.i.p.ProjectConfigurationManager - Imported and configured 1 project(s) in 4 sec
2024-08-26 17:54:44,387 [Worker-11: Building] INFO  o.a.m.s.f.DefaultMavenResourcesFiltering - Copying 1 resource from src\main\resources to target\classes
2024-08-26 17:54:44,409 [Worker-11: Building] INFO  o.a.m.s.f.DefaultMavenResourcesFiltering - Copying 0 resource from src\main\resources to target\classes
2024-08-26 17:54:44,413 [Worker-11: Building] INFO  o.a.m.s.f.DefaultMavenResourcesFiltering - skip non existing resourceDirectory C:\Estudos\DIO\BootcampSantanderDio\Aulas-SpringBoot\spring-configuration-properties\spring-configuration-properties\src\test\resources
2024-08-26 17:55:23,255 [Worker-10: Building] INFO  o.a.m.s.f.DefaultMavenResourcesFiltering - Copying 0 resource from src\main\resources to target\classes
2024-08-26 17:55:23,257 [Worker-10: Building] INFO  o.a.m.s.f.DefaultMavenResourcesFiltering - Copying 0 resource from src\main\resources to target\classes
2024-08-26 17:55:23,258 [Worker-10: Building] INFO  o.a.m.s.f.DefaultMavenResourcesFiltering - skip non existing resourceDirectory C:\Estudos\DIO\BootcampSantanderDio\Aulas-SpringBoot\spring-configuration-properties\spring-configuration-properties\src\test\resources
2024-08-26 17:55:51,738 [Worker-10: Building] INFO  o.a.m.s.f.DefaultMavenResourcesFiltering - Copying 1 resource from src\main\resources to target\classes
2024-08-26 17:55:51,759 [Worker-10: Building] INFO  o.a.m.s.f.DefaultMavenResourcesFiltering - Copying 0 resource from src\main\resources to target\classes
2024-08-26 17:55:51,761 [Worker-10: Building] INFO  o.a.m.s.f.DefaultMavenResourcesFiltering - skip non existing resourceDirectory C:\Estudos\DIO\BootcampSantanderDio\Aulas-SpringBoot\spring-configuration-properties\spring-configuration-properties\src\test\resources
2024-08-26 17:57:15,048 [Worker-6: Building] INFO  o.a.m.s.f.DefaultMavenResourcesFiltering - Copying 0 resource from src\main\resources to target\classes
2024-08-26 17:57:15,049 [Worker-6: Building] INFO  o.a.m.s.f.DefaultMavenResourcesFiltering - Copying 1 resource from src\main\resources to target\classes
2024-08-26 17:57:15,054 [Worker-6: Building] INFO  o.a.m.s.f.DefaultMavenResourcesFiltering - skip non existing resourceDirectory C:\Estudos\DIO\BootcampSantanderDio\Aulas-SpringBoot\spring-configuration-properties\spring-configuration-properties\src\test\resources
2024-08-26 17:57:24,420 [Worker-7: Building] INFO  o.a.m.s.f.DefaultMavenResourcesFiltering - Copying 0 resource from src\main\resources to target\classes
2024-08-26 17:57:24,420 [Worker-7: Building] INFO  o.a.m.s.f.DefaultMavenResourcesFiltering - Copying 1 resource from src\main\resources to target\classes
2024-08-26 17:57:24,425 [Worker-7: Building] INFO  o.a.m.s.f.DefaultMavenResourcesFiltering - skip non existing resourceDirectory C:\Estudos\DIO\BootcampSantanderDio\Aulas-SpringBoot\spring-configuration-properties\spring-configuration-properties\src\test\resources
2024-08-26 17:57:31,787 [Worker-12: Building] INFO  o.a.m.s.f.DefaultMavenResourcesFiltering - Copying 0 resource from src\main\resources to target\classes
2024-08-26 17:57:31,788 [Worker-12: Building] INFO  o.a.m.s.f.DefaultMavenResourcesFiltering - Copying 1 resource from src\main\resources to target\classes
2024-08-26 17:57:31,795 [Worker-12: Building] INFO  o.a.m.s.f.DefaultMavenResourcesFiltering - skip non existing resourceDirectory C:\Estudos\DIO\BootcampSantanderDio\Aulas-SpringBoot\spring-configuration-properties\spring-configuration-properties\src\test\resources
2024-08-26 17:58:26,008 [Worker-10: Building] INFO  o.a.m.s.f.DefaultMavenResourcesFiltering - Copying 1 resource from src\main\resources to target\classes
2024-08-26 17:58:26,016 [Worker-10: Building] INFO  o.a.m.s.f.DefaultMavenResourcesFiltering - Copying 1 resource from src\main\resources to target\classes
2024-08-26 17:58:26,021 [Worker-10: Building] INFO  o.a.m.s.f.DefaultMavenResourcesFiltering - skip non existing resourceDirectory C:\Estudos\DIO\BootcampSantanderDio\Aulas-SpringBoot\spring-configuration-properties\spring-configuration-properties\src\test\resources
2024-08-26 18:02:29,810 [Worker-14: Building] INFO  o.a.m.s.f.DefaultMavenResourcesFiltering - Copying 1 resource from src\main\resources to target\classes
2024-08-26 18:02:29,820 [Worker-14: Building] INFO  o.a.m.s.f.DefaultMavenResourcesFiltering - Copying 1 resource from src\main\resources to target\classes
2024-08-26 18:02:29,827 [Worker-14: Building] INFO  o.a.m.s.f.DefaultMavenResourcesFiltering - skip non existing resourceDirectory C:\Estudos\DIO\BootcampSantanderDio\Aulas-SpringBoot\spring-configuration-properties\spring-configuration-properties\src\test\resources
2024-08-26 18:06:34,035 [Worker-15: Building] INFO  o.a.m.s.f.DefaultMavenResourcesFiltering - Copying 1 resource from src\main\resources to target\classes
2024-08-26 18:06:34,045 [Worker-15: Building] INFO  o.a.m.s.f.DefaultMavenResourcesFiltering - Copying 1 resource from src\main\resources to target\classes
2024-08-26 18:06:34,047 [Worker-15: Building] INFO  o.a.m.s.f.DefaultMavenResourcesFiltering - skip non existing resourceDirectory C:\Estudos\DIO\BootcampSantanderDio\Aulas-SpringBoot\spring-configuration-properties\spring-configuration-properties\src\test\resources
2024-08-26 18:07:49,808 [Worker-16: Building] INFO  o.a.m.s.f.DefaultMavenResourcesFiltering - Copying 1 resource from src\main\resources to target\classes
2024-08-26 18:07:49,813 [Worker-16: Building] INFO  o.a.m.s.f.DefaultMavenResourcesFiltering - Copying 0 resource from src\main\resources to target\classes
2024-08-26 18:07:49,815 [Worker-16: Building] INFO  o.a.m.s.f.DefaultMavenResourcesFiltering - skip non existing resourceDirectory C:\Estudos\DIO\BootcampSantanderDio\Aulas-SpringBoot\spring-configuration-properties\spring-configuration-properties\src\test\resources
2024-08-26 18:10:13,442 [Worker-17: Building] INFO  o.a.m.s.f.DefaultMavenResourcesFiltering - Copying 1 resource from src\main\resources to target\classes
2024-08-26 18:10:13,451 [Worker-17: Building] INFO  o.a.m.s.f.DefaultMavenResourcesFiltering - Copying 1 resource from src\main\resources to target\classes
2024-08-26 18:10:13,454 [Worker-17: Building] INFO  o.a.m.s.f.DefaultMavenResourcesFiltering - skip non existing resourceDirectory C:\Estudos\DIO\BootcampSantanderDio\Aulas-SpringBoot\spring-configuration-properties\spring-configuration-properties\src\test\resources
2024-08-26 18:11:49,021 [Worker-18: Building] INFO  o.a.m.s.f.DefaultMavenResourcesFiltering - Copying 1 resource from src\main\resources to target\classes
2024-08-26 18:11:49,026 [Worker-18: Building] INFO  o.a.m.s.f.DefaultMavenResourcesFiltering - Copying 1 resource from src\main\resources to target\classes
2024-08-26 18:11:49,028 [Worker-18: Building] INFO  o.a.m.s.f.DefaultMavenResourcesFiltering - skip non existing resourceDirectory C:\Estudos\DIO\BootcampSantanderDio\Aulas-SpringBoot\spring-configuration-properties\spring-configuration-properties\src\test\resources
2024-08-26 18:16:52,172 [Worker-20: Building] INFO  o.a.m.s.f.DefaultMavenResourcesFiltering - Copying 1 resource from src\main\resources to target\classes
2024-08-26 18:16:52,179 [Worker-20: Building] INFO  o.a.m.s.f.DefaultMavenResourcesFiltering - Copying 1 resource from src\main\resources to target\classes
2024-08-26 18:16:52,182 [Worker-20: Building] INFO  o.a.m.s.f.DefaultMavenResourcesFiltering - skip non existing resourceDirectory C:\Estudos\DIO\BootcampSantanderDio\Aulas-SpringBoot\spring-configuration-properties\spring-configuration-properties\src\test\resources
2024-08-26 18:18:47,203 [Worker-20: Building] INFO  o.a.m.s.f.DefaultMavenResourcesFiltering - Copying 1 resource from src\main\resources to target\classes
2024-08-26 18:18:47,212 [Worker-20: Building] INFO  o.a.m.s.f.DefaultMavenResourcesFiltering - Copying 1 resource from src\main\resources to target\classes
2024-08-26 18:18:47,215 [Worker-20: Building] INFO  o.a.m.s.f.DefaultMavenResourcesFiltering - skip non existing resourceDirectory C:\Estudos\DIO\BootcampSantanderDio\Aulas-SpringBoot\spring-configuration-properties\spring-configuration-properties\src\test\resources
2024-08-26 18:20:06,961 [Worker-24: Building] INFO  o.a.m.s.f.DefaultMavenResourcesFiltering - Copying 1 resource from src\main\resources to target\classes
2024-08-26 18:20:06,969 [Worker-24: Building] INFO  o.a.m.s.f.DefaultMavenResourcesFiltering - Copying 1 resource from src\main\resources to target\classes
2024-08-26 18:20:06,972 [Worker-24: Building] INFO  o.a.m.s.f.DefaultMavenResourcesFiltering - skip non existing resourceDirectory C:\Estudos\DIO\BootcampSantanderDio\Aulas-SpringBoot\spring-configuration-properties\spring-configuration-properties\src\test\resources
