2024-08-22 15:52:04,930 [Worker-4: Loading available Gradle versions] INFO  o.e.b.c.i.u.g.PublishedGradleVersions - Gradle version information cache is up-to-date. Trying to read.
2024-08-22 15:52:29,568 [Worker-4: Importing Maven projects] INFO  o.e.m.c.i.l.LifecycleMappingFactory - Using org.eclipse.m2e.jdt.JarLifecycleMapping lifecycle mapping for MavenProject: dio:spring-ioc-di-beans-autowired:0.0.1-SNAPSHOT @ C:\Estudos\DIO\BootcampSantanderDio\Aulas-SpringBoot\spring-ioc-di-beans-autowired\spring-beans-componets\pom.xml.
2024-08-22 15:52:30,483 [Worker-4: Importing Maven projects] INFO  o.e.m.j.i.AbstractJavaProjectConfigurator - Adding source folder /spring-beans-componets/src/main/java
2024-08-22 15:52:30,483 [Worker-4: Importing Maven projects] INFO  o.e.m.j.i.AbstractJavaProjectConfigurator - Adding resource folder /spring-beans-componets/src/main/resources
2024-08-22 15:52:30,488 [Worker-4: Importing Maven projects] INFO  o.e.m.j.i.AbstractJavaProjectConfigurator - Adding resource folder /spring-beans-componets/src/main/resources
2024-08-22 15:52:30,499 [Worker-4: Importing Maven projects] INFO  o.e.m.j.i.AbstractJavaProjectConfigurator - Adding source folder /spring-beans-componets/src/test/java
2024-08-22 15:52:31,834 [Worker-4: Importing Maven projects] INFO  o.e.m.c.i.p.ProjectConfigurationManager - Imported and configured 1 project(s) in 3 sec
2024-08-22 15:52:33,227 [Worker-6: Building] INFO  o.a.m.s.f.DefaultMavenResourcesFiltering - Copying 1 resource from src\main\resources to target\classes
2024-08-22 15:52:33,254 [Worker-6: Building] INFO  o.a.m.s.f.DefaultMavenResourcesFiltering - Copying 0 resource from src\main\resources to target\classes
2024-08-22 15:52:33,259 [Worker-6: Building] INFO  o.a.m.s.f.DefaultMavenResourcesFiltering - skip non existing resourceDirectory C:\Estudos\DIO\BootcampSantanderDio\Aulas-SpringBoot\spring-ioc-di-beans-autowired\spring-beans-componets\src\test\resources
2024-08-22 15:53:05,256 [Worker-6: Building] INFO  o.a.m.s.f.DefaultMavenResourcesFiltering - Copying 0 resource from src\main\resources to target\classes
2024-08-22 15:53:05,257 [Worker-6: Building] INFO  o.a.m.s.f.DefaultMavenResourcesFiltering - Copying 0 resource from src\main\resources to target\classes
2024-08-22 15:53:05,263 [Worker-6: Building] INFO  o.a.m.s.f.DefaultMavenResourcesFiltering - skip non existing resourceDirectory C:\Estudos\DIO\BootcampSantanderDio\Aulas-SpringBoot\spring-ioc-di-beans-autowired\spring-beans-componets\src\test\resources
2024-08-23 23:19:55,397 [Worker-4: Loading available Gradle versions] INFO  o.e.b.c.i.u.g.PublishedGradleVersions - Gradle version information cache is up-to-date. Trying to read.
2024-08-23 23:31:45,253 [Worker-7: Building] INFO  o.a.m.s.f.DefaultMavenResourcesFiltering - Copying 1 resource from src\main\resources to target\classes
2024-08-23 23:31:45,286 [Worker-7: Building] INFO  o.a.m.s.f.DefaultMavenResourcesFiltering - Copying 0 resource from src\main\resources to target\classes
2024-08-23 23:31:45,289 [Worker-7: Building] INFO  o.a.m.s.f.DefaultMavenResourcesFiltering - skip non existing resourceDirectory C:\Estudos\DIO\BootcampSantanderDio\Aulas-SpringBoot\spring-ioc-di-beans-autowired\spring-beans-componets\src\test\resources
2024-08-23 23:32:45,654 [Worker-13: Building] INFO  o.a.m.s.f.DefaultMavenResourcesFiltering - Copying 1 resource from src\main\resources to target\classes
2024-08-23 23:32:45,666 [Worker-13: Building] INFO  o.a.m.s.f.DefaultMavenResourcesFiltering - Copying 0 resource from src\main\resources to target\classes
2024-08-23 23:32:45,670 [Worker-13: Building] INFO  o.a.m.s.f.DefaultMavenResourcesFiltering - skip non existing resourceDirectory C:\Estudos\DIO\BootcampSantanderDio\Aulas-SpringBoot\spring-ioc-di-beans-autowired\spring-beans-componets\src\test\resources
2024-08-23 23:33:13,268 [Worker-7: Building] INFO  o.e.m.c.i.l.LifecycleMappingFactory - Using org.eclipse.m2e.jdt.JarLifecycleMapping lifecycle mapping for MavenProject: dio:spring-ioc-di-beans-autowired:0.0.1-SNAPSHOT @ C:\Estudos\DIO\BootcampSantanderDio\Aulas-SpringBoot\spring-ioc-di-beans-autowired\spring-beans-componets\pom.xml.
2024-08-23 23:33:14,048 [Worker-7: Building] INFO  o.a.m.s.f.DefaultMavenResourcesFiltering - Copying 1 resource from src\main\resources to target\classes
2024-08-23 23:33:14,066 [Worker-7: Building] INFO  o.a.m.s.f.DefaultMavenResourcesFiltering - Copying 0 resource from src\main\resources to target\classes
2024-08-23 23:33:14,072 [Worker-7: Building] INFO  o.a.m.s.f.DefaultMavenResourcesFiltering - skip non existing resourceDirectory C:\Estudos\DIO\BootcampSantanderDio\Aulas-SpringBoot\spring-ioc-di-beans-autowired\spring-beans-componets\src\test\resources
2024-08-23 23:33:15,924 [Worker-4: Building] INFO  o.a.m.s.f.DefaultMavenResourcesFiltering - Copying 1 resource from src\main\resources to target\classes
2024-08-23 23:33:15,935 [Worker-4: Building] INFO  o.a.m.s.f.DefaultMavenResourcesFiltering - Copying 0 resource from src\main\resources to target\classes
2024-08-23 23:33:15,937 [Worker-4: Building] INFO  o.a.m.s.f.DefaultMavenResourcesFiltering - skip non existing resourceDirectory C:\Estudos\DIO\BootcampSantanderDio\Aulas-SpringBoot\spring-ioc-di-beans-autowired\spring-beans-componets\src\test\resources
2024-08-23 23:35:13,064 [Worker-17: Building] INFO  o.a.m.s.f.DefaultMavenResourcesFiltering - Copying 1 resource from src\main\resources to target\classes
2024-08-23 23:35:13,072 [Worker-17: Building] INFO  o.a.m.s.f.DefaultMavenResourcesFiltering - Copying 0 resource from src\main\resources to target\classes
2024-08-23 23:35:13,074 [Worker-17: Building] INFO  o.a.m.s.f.DefaultMavenResourcesFiltering - skip non existing resourceDirectory C:\Estudos\DIO\BootcampSantanderDio\Aulas-SpringBoot\spring-ioc-di-beans-autowired\spring-beans-componets\src\test\resources
2024-08-23 23:47:11,932 [Worker-19: Launching spring-beans-componets - SpringIocDiBeansAutowiredApplication] INFO  o.a.m.s.f.DefaultMavenResourcesFiltering - Copying 1 resource from src\main\resources to target\classes
2024-08-23 23:47:11,951 [Worker-19: Launching spring-beans-componets - SpringIocDiBeansAutowiredApplication] INFO  o.a.m.s.f.DefaultMavenResourcesFiltering - Copying 0 resource from src\main\resources to target\classes
2024-08-23 23:47:11,953 [Worker-19: Launching spring-beans-componets - SpringIocDiBeansAutowiredApplication] INFO  o.a.m.s.f.DefaultMavenResourcesFiltering - skip non existing resourceDirectory C:\Estudos\DIO\BootcampSantanderDio\Aulas-SpringBoot\spring-ioc-di-beans-autowired\spring-beans-componets\src\test\resources
2024-08-23 23:54:41,975 [Worker-23: Building] INFO  o.a.m.s.f.DefaultMavenResourcesFiltering - Copying 1 resource from src\main\resources to target\classes
2024-08-23 23:54:41,987 [Worker-23: Building] INFO  o.a.m.s.f.DefaultMavenResourcesFiltering - Copying 0 resource from src\main\resources to target\classes
2024-08-23 23:54:41,990 [Worker-23: Building] INFO  o.a.m.s.f.DefaultMavenResourcesFiltering - skip non existing resourceDirectory C:\Estudos\DIO\BootcampSantanderDio\Aulas-SpringBoot\spring-ioc-di-beans-autowired\spring-beans-componets\src\test\resources
2024-08-23 23:56:45,923 [Worker-25: Building] INFO  o.a.m.s.f.DefaultMavenResourcesFiltering - Copying 1 resource from src\main\resources to target\classes
2024-08-23 23:56:45,930 [Worker-25: Building] INFO  o.a.m.s.f.DefaultMavenResourcesFiltering - Copying 0 resource from src\main\resources to target\classes
2024-08-23 23:56:45,932 [Worker-25: Building] INFO  o.a.m.s.f.DefaultMavenResourcesFiltering - skip non existing resourceDirectory C:\Estudos\DIO\BootcampSantanderDio\Aulas-SpringBoot\spring-ioc-di-beans-autowired\spring-beans-componets\src\test\resources
2024-08-23 23:56:56,780 [Worker-25: Building] INFO  o.a.m.s.f.DefaultMavenResourcesFiltering - Copying 1 resource from src\main\resources to target\classes
2024-08-23 23:56:56,784 [Worker-25: Building] INFO  o.a.m.s.f.DefaultMavenResourcesFiltering - Copying 0 resource from src\main\resources to target\classes
2024-08-23 23:56:56,786 [Worker-25: Building] INFO  o.a.m.s.f.DefaultMavenResourcesFiltering - skip non existing resourceDirectory C:\Estudos\DIO\BootcampSantanderDio\Aulas-SpringBoot\spring-ioc-di-beans-autowired\spring-beans-componets\src\test\resources
2024-08-23 23:58:02,962 [Worker-21: Building] INFO  o.a.m.s.f.DefaultMavenResourcesFiltering - Copying 1 resource from src\main\resources to target\classes
2024-08-23 23:58:02,968 [Worker-21: Building] INFO  o.a.m.s.f.DefaultMavenResourcesFiltering - Copying 0 resource from src\main\resources to target\classes
2024-08-23 23:58:02,971 [Worker-21: Building] INFO  o.a.m.s.f.DefaultMavenResourcesFiltering - skip non existing resourceDirectory C:\Estudos\DIO\BootcampSantanderDio\Aulas-SpringBoot\spring-ioc-di-beans-autowired\spring-beans-componets\src\test\resources
