2024-08-22 15:53:21,702 [Worker-6: Loading available Gradle versions] INFO  o.e.b.c.i.u.g.PublishedGradleVersions - Gradle version information cache is up-to-date. Trying to read.
2024-08-22 15:53:35,098 [Worker-5: Importing Maven projects] INFO  o.e.m.c.i.l.LifecycleMappingFactory - Using org.eclipse.m2e.jdt.JarLifecycleMapping lifecycle mapping for MavenProject: dio:spring-scopes-singleton-prototype:0.0.1-SNAPSHOT @ C:\Estudos\DIO\BootcampSantanderDio\Aulas-SpringBoot\spring-scopes-singleton-prototype\spring-scopes-singleton-prototype\pom.xml.
2024-08-22 15:53:35,956 [Worker-5: Importing Maven projects] INFO  o.e.m.j.i.AbstractJavaProjectConfigurator - Adding source folder /spring-scopes-singleton-prototype/src/main/java
2024-08-22 15:53:35,957 [Worker-5: Importing Maven projects] INFO  o.e.m.j.i.AbstractJavaProjectConfigurator - Adding resource folder /spring-scopes-singleton-prototype/src/main/resources
2024-08-22 15:53:35,962 [Worker-5: Importing Maven projects] INFO  o.e.m.j.i.AbstractJavaProjectConfigurator - Adding resource folder /spring-scopes-singleton-prototype/src/main/resources
2024-08-22 15:53:35,967 [Worker-5: Importing Maven projects] INFO  o.e.m.j.i.AbstractJavaProjectConfigurator - Adding source folder /spring-scopes-singleton-prototype/src/test/java
2024-08-22 15:53:37,243 [Worker-5: Importing Maven projects] INFO  o.e.m.c.i.p.ProjectConfigurationManager - Imported and configured 1 project(s) in 3 sec
2024-08-22 15:53:38,591 [Worker-4: Building] INFO  o.a.m.s.f.DefaultMavenResourcesFiltering - Copying 1 resource from src\main\resources to target\classes
2024-08-22 15:53:38,625 [Worker-4: Building] INFO  o.a.m.s.f.DefaultMavenResourcesFiltering - Copying 0 resource from src\main\resources to target\classes
2024-08-22 15:53:38,629 [Worker-4: Building] INFO  o.a.m.s.f.DefaultMavenResourcesFiltering - skip non existing resourceDirectory C:\Estudos\DIO\BootcampSantanderDio\Aulas-SpringBoot\spring-scopes-singleton-prototype\spring-scopes-singleton-prototype\src\test\resources
2024-08-22 15:54:22,154 [Worker-7: Building] INFO  o.a.m.s.f.DefaultMavenResourcesFiltering - Copying 0 resource from src\main\resources to target\classes
2024-08-22 15:54:22,156 [Worker-7: Building] INFO  o.a.m.s.f.DefaultMavenResourcesFiltering - Copying 0 resource from src\main\resources to target\classes
2024-08-22 15:54:22,158 [Worker-7: Building] INFO  o.a.m.s.f.DefaultMavenResourcesFiltering - skip non existing resourceDirectory C:\Estudos\DIO\BootcampSantanderDio\Aulas-SpringBoot\spring-scopes-singleton-prototype\spring-scopes-singleton-prototype\src\test\resources
2024-08-23 23:59:09,830 [Worker-2: Loading available Gradle versions] INFO  o.e.b.c.i.u.g.PublishedGradleVersions - Gradle version information cache is up-to-date. Trying to read.
2024-08-24 00:02:36,235 [Worker-6: Building] INFO  o.a.m.s.f.DefaultMavenResourcesFiltering - Copying 1 resource from src\main\resources to target\classes
2024-08-24 00:02:36,261 [Worker-6: Building] INFO  o.a.m.s.f.DefaultMavenResourcesFiltering - Copying 0 resource from src\main\resources to target\classes
2024-08-24 00:02:36,265 [Worker-6: Building] INFO  o.a.m.s.f.DefaultMavenResourcesFiltering - skip non existing resourceDirectory C:\Estudos\DIO\BootcampSantanderDio\Aulas-SpringBoot\spring-scopes-singleton-prototype\spring-scopes-singleton-prototype\src\test\resources
2024-08-24 00:02:51,623 [Worker-3: Building] INFO  o.a.m.s.f.DefaultMavenResourcesFiltering - Copying 1 resource from src\main\resources to target\classes
2024-08-24 00:02:51,653 [Worker-3: Building] INFO  o.a.m.s.f.DefaultMavenResourcesFiltering - Copying 0 resource from src\main\resources to target\classes
2024-08-24 00:02:51,658 [Worker-3: Building] INFO  o.a.m.s.f.DefaultMavenResourcesFiltering - skip non existing resourceDirectory C:\Estudos\DIO\BootcampSantanderDio\Aulas-SpringBoot\spring-scopes-singleton-prototype\spring-scopes-singleton-prototype\src\test\resources
2024-08-24 00:03:00,044 [Worker-3: Building] INFO  o.a.m.s.f.DefaultMavenResourcesFiltering - Copying 1 resource from src\main\resources to target\classes
2024-08-24 00:03:00,059 [Worker-3: Building] INFO  o.a.m.s.f.DefaultMavenResourcesFiltering - Copying 0 resource from src\main\resources to target\classes
2024-08-24 00:03:00,062 [Worker-3: Building] INFO  o.a.m.s.f.DefaultMavenResourcesFiltering - skip non existing resourceDirectory C:\Estudos\DIO\BootcampSantanderDio\Aulas-SpringBoot\spring-scopes-singleton-prototype\spring-scopes-singleton-prototype\src\test\resources
2024-08-24 00:03:50,286 [Worker-9: Building] INFO  o.a.m.s.f.DefaultMavenResourcesFiltering - Copying 1 resource from src\main\resources to target\classes
2024-08-24 00:03:50,296 [Worker-9: Building] INFO  o.a.m.s.f.DefaultMavenResourcesFiltering - Copying 0 resource from src\main\resources to target\classes
2024-08-24 00:03:50,300 [Worker-9: Building] INFO  o.a.m.s.f.DefaultMavenResourcesFiltering - skip non existing resourceDirectory C:\Estudos\DIO\BootcampSantanderDio\Aulas-SpringBoot\spring-scopes-singleton-prototype\spring-scopes-singleton-prototype\src\test\resources
2024-08-24 00:05:20,795 [Worker-12: Launching spring-scopes-singleton-prototype - SpringScopesSingletonPrototypeApplication] INFO  o.a.m.s.f.DefaultMavenResourcesFiltering - Copying 1 resource from src\main\resources to target\classes
2024-08-24 00:05:20,807 [Worker-12: Launching spring-scopes-singleton-prototype - SpringScopesSingletonPrototypeApplication] INFO  o.a.m.s.f.DefaultMavenResourcesFiltering - Copying 0 resource from src\main\resources to target\classes
2024-08-24 00:05:20,810 [Worker-12: Launching spring-scopes-singleton-prototype - SpringScopesSingletonPrototypeApplication] INFO  o.a.m.s.f.DefaultMavenResourcesFiltering - skip non existing resourceDirectory C:\Estudos\DIO\BootcampSantanderDio\Aulas-SpringBoot\spring-scopes-singleton-prototype\spring-scopes-singleton-prototype\src\test\resources
2024-08-24 00:10:03,852 [Worker-13: Launching spring-scopes-singleton-prototype - SpringScopesSingletonPrototypeApplication] INFO  o.a.m.s.f.DefaultMavenResourcesFiltering - Copying 1 resource from src\main\resources to target\classes
2024-08-24 00:10:03,860 [Worker-13: Launching spring-scopes-singleton-prototype - SpringScopesSingletonPrototypeApplication] INFO  o.a.m.s.f.DefaultMavenResourcesFiltering - Copying 0 resource from src\main\resources to target\classes
2024-08-24 00:10:03,866 [Worker-13: Launching spring-scopes-singleton-prototype - SpringScopesSingletonPrototypeApplication] INFO  o.a.m.s.f.DefaultMavenResourcesFiltering - skip non existing resourceDirectory C:\Estudos\DIO\BootcampSantanderDio\Aulas-SpringBoot\spring-scopes-singleton-prototype\spring-scopes-singleton-prototype\src\test\resources
2024-08-24 00:12:52,103 [Worker-15: Building] INFO  o.a.m.s.f.DefaultMavenResourcesFiltering - Copying 1 resource from src\main\resources to target\classes
2024-08-24 00:12:52,110 [Worker-15: Building] INFO  o.a.m.s.f.DefaultMavenResourcesFiltering - Copying 0 resource from src\main\resources to target\classes
2024-08-24 00:12:52,111 [Worker-15: Building] INFO  o.a.m.s.f.DefaultMavenResourcesFiltering - skip non existing resourceDirectory C:\Estudos\DIO\BootcampSantanderDio\Aulas-SpringBoot\spring-scopes-singleton-prototype\spring-scopes-singleton-prototype\src\test\resources
2024-08-24 00:14:08,338 [Worker-15: Launching spring-scopes-singleton-prototype - SpringScopesSingletonPrototypeApplication] INFO  o.a.m.s.f.DefaultMavenResourcesFiltering - Copying 1 resource from src\main\resources to target\classes
2024-08-24 00:14:08,347 [Worker-15: Launching spring-scopes-singleton-prototype - SpringScopesSingletonPrototypeApplication] INFO  o.a.m.s.f.DefaultMavenResourcesFiltering - Copying 0 resource from src\main\resources to target\classes
2024-08-24 00:14:08,352 [Worker-15: Launching spring-scopes-singleton-prototype - SpringScopesSingletonPrototypeApplication] INFO  o.a.m.s.f.DefaultMavenResourcesFiltering - skip non existing resourceDirectory C:\Estudos\DIO\BootcampSantanderDio\Aulas-SpringBoot\spring-scopes-singleton-prototype\spring-scopes-singleton-prototype\src\test\resources
2024-08-24 00:19:23,622 [Worker-20: Launching spring-scopes-singleton-prototype - SpringScopesSingletonPrototypeApplication] INFO  o.a.m.s.f.DefaultMavenResourcesFiltering - Copying 1 resource from src\main\resources to target\classes
2024-08-24 00:19:23,631 [Worker-20: Launching spring-scopes-singleton-prototype - SpringScopesSingletonPrototypeApplication] INFO  o.a.m.s.f.DefaultMavenResourcesFiltering - Copying 0 resource from src\main\resources to target\classes
2024-08-24 00:19:23,636 [Worker-20: Launching spring-scopes-singleton-prototype - SpringScopesSingletonPrototypeApplication] INFO  o.a.m.s.f.DefaultMavenResourcesFiltering - skip non existing resourceDirectory C:\Estudos\DIO\BootcampSantanderDio\Aulas-SpringBoot\spring-scopes-singleton-prototype\spring-scopes-singleton-prototype\src\test\resources
