2024-08-22 15:00:37,859 [Worker-3: Loading available Gradle versions] INFO  o.e.b.c.i.u.g.PublishedGradleVersions - Gradle version information cache is up-to-date. Trying to read.
2024-08-22 15:00:57,408 [Worker-4: Importing Maven projects] INFO  o.e.m.c.i.l.LifecycleMappingFactory - Using org.eclipse.m2e.jdt.JarLifecycleMapping lifecycle mapping for MavenProject: dio:primeiros-passos:0.0.1-SNAPSHOT @ C:\Estudos\DIO\BootcampSantanderDio\Aulas-SpringBoot\Nova pasta\primeiros-passos\primeiros-passos\pom.xml.
2024-08-22 15:01:00,920 [Worker-4: Importing Maven projects] INFO  o.e.m.j.i.AbstractJavaProjectConfigurator - Adding source folder /primeiros-passos/src/main/java
2024-08-22 15:01:00,921 [Worker-4: Importing Maven projects] INFO  o.e.m.j.i.AbstractJavaProjectConfigurator - Adding resource folder /primeiros-passos/src/main/resources
2024-08-22 15:01:00,931 [Worker-4: Importing Maven projects] INFO  o.e.m.j.i.AbstractJavaProjectConfigurator - Adding resource folder /primeiros-passos/src/main/resources
2024-08-22 15:01:00,944 [Worker-4: Importing Maven projects] INFO  o.e.m.j.i.AbstractJavaProjectConfigurator - Adding source folder /primeiros-passos/src/test/java
2024-08-22 15:01:02,808 [Worker-4: Importing Maven projects] INFO  o.e.m.c.i.p.ProjectConfigurationManager - Imported and configured 1 project(s) in 9 sec
2024-08-22 15:01:04,226 [Worker-5: Building] INFO  o.a.m.s.f.DefaultMavenResourcesFiltering - Copying 1 resource from src\main\resources to target\classes
2024-08-22 15:01:04,253 [Worker-5: Building] INFO  o.a.m.s.f.DefaultMavenResourcesFiltering - Copying 0 resource from src\main\resources to target\classes
2024-08-22 15:01:04,258 [Worker-5: Building] INFO  o.a.m.s.f.DefaultMavenResourcesFiltering - skip non existing resourceDirectory C:\Estudos\DIO\BootcampSantanderDio\Aulas-SpringBoot\Nova pasta\primeiros-passos\primeiros-passos\src\test\resources
2024-08-22 15:01:38,274 [Worker-9: Building] INFO  o.a.m.s.f.DefaultMavenResourcesFiltering - Copying 0 resource from src\main\resources to target\classes
2024-08-22 15:01:38,279 [Worker-9: Building] INFO  o.a.m.s.f.DefaultMavenResourcesFiltering - Copying 0 resource from src\main\resources to target\classes
2024-08-22 15:01:38,283 [Worker-9: Building] INFO  o.a.m.s.f.DefaultMavenResourcesFiltering - skip non existing resourceDirectory C:\Estudos\DIO\BootcampSantanderDio\Aulas-SpringBoot\Nova pasta\primeiros-passos\primeiros-passos\src\test\resources
2024-08-22 15:07:13,127 [Worker-10: Building] INFO  o.a.m.s.f.DefaultMavenResourcesFiltering - Copying 1 resource from src\main\resources to target\classes
2024-08-22 15:07:13,252 [Worker-10: Building] INFO  o.a.m.s.f.DefaultMavenResourcesFiltering - Copying 0 resource from src\main\resources to target\classes
2024-08-22 15:07:13,255 [Worker-10: Building] INFO  o.a.m.s.f.DefaultMavenResourcesFiltering - skip non existing resourceDirectory C:\Estudos\DIO\BootcampSantanderDio\Aulas-SpringBoot\Nova pasta\primeiros-passos\primeiros-passos\src\test\resources
2024-08-22 15:08:04,218 [Worker-10: Building] INFO  o.a.m.s.f.DefaultMavenResourcesFiltering - Copying 1 resource from src\main\resources to target\classes
2024-08-22 15:08:04,370 [Worker-10: Building] INFO  o.a.m.s.f.DefaultMavenResourcesFiltering - Copying 0 resource from src\main\resources to target\classes
2024-08-22 15:08:04,374 [Worker-10: Building] INFO  o.a.m.s.f.DefaultMavenResourcesFiltering - skip non existing resourceDirectory C:\Estudos\DIO\BootcampSantanderDio\Aulas-SpringBoot\Nova pasta\primeiros-passos\primeiros-passos\src\test\resources
2024-08-22 15:09:47,370 [Worker-5: Building] INFO  o.a.m.s.f.DefaultMavenResourcesFiltering - Copying 1 resource from src\main\resources to target\classes
2024-08-22 15:09:47,382 [Worker-5: Building] INFO  o.a.m.s.f.DefaultMavenResourcesFiltering - Copying 0 resource from src\main\resources to target\classes
2024-08-22 15:09:47,384 [Worker-5: Building] INFO  o.a.m.s.f.DefaultMavenResourcesFiltering - skip non existing resourceDirectory C:\Estudos\DIO\BootcampSantanderDio\Aulas-SpringBoot\Nova pasta\primeiros-passos\primeiros-passos\src\test\resources
2024-08-22 15:12:31,510 [Worker-12: Launching primeiros-passos - PrimeirosPassosApplication] INFO  o.a.m.s.f.DefaultMavenResourcesFiltering - Copying 1 resource from src\main\resources to target\classes
2024-08-22 15:12:31,589 [Worker-12: Launching primeiros-passos - PrimeirosPassosApplication] INFO  o.a.m.s.f.DefaultMavenResourcesFiltering - Copying 0 resource from src\main\resources to target\classes
2024-08-22 15:12:31,591 [Worker-12: Launching primeiros-passos - PrimeirosPassosApplication] INFO  o.a.m.s.f.DefaultMavenResourcesFiltering - skip non existing resourceDirectory C:\Estudos\DIO\BootcampSantanderDio\Aulas-SpringBoot\Nova pasta\primeiros-passos\primeiros-passos\src\test\resources
2024-08-22 15:16:13,635 [Worker-20: Building] INFO  o.a.m.s.f.DefaultMavenResourcesFiltering - Copying 1 resource from src\main\resources to target\classes
2024-08-22 15:16:13,748 [Worker-20: Building] INFO  o.a.m.s.f.DefaultMavenResourcesFiltering - Copying 0 resource from src\main\resources to target\classes
2024-08-22 15:16:13,750 [Worker-20: Building] INFO  o.a.m.s.f.DefaultMavenResourcesFiltering - skip non existing resourceDirectory C:\Estudos\DIO\BootcampSantanderDio\Aulas-SpringBoot\Nova pasta\primeiros-passos\primeiros-passos\src\test\resources
2024-08-22 15:16:30,215 [Worker-10: Building] INFO  o.a.m.s.f.DefaultMavenResourcesFiltering - Copying 1 resource from src\main\resources to target\classes
2024-08-22 15:16:30,223 [Worker-10: Building] INFO  o.a.m.s.f.DefaultMavenResourcesFiltering - Copying 0 resource from src\main\resources to target\classes
2024-08-22 15:16:30,226 [Worker-10: Building] INFO  o.a.m.s.f.DefaultMavenResourcesFiltering - skip non existing resourceDirectory C:\Estudos\DIO\BootcampSantanderDio\Aulas-SpringBoot\Nova pasta\primeiros-passos\primeiros-passos\src\test\resources
2024-08-22 15:17:24,459 [Worker-19: Launching primeiros-passos - PrimeirosPassosApplication] INFO  o.a.m.s.f.DefaultMavenResourcesFiltering - Copying 1 resource from src\main\resources to target\classes
2024-08-22 15:17:24,536 [Worker-19: Launching primeiros-passos - PrimeirosPassosApplication] INFO  o.a.m.s.f.DefaultMavenResourcesFiltering - Copying 0 resource from src\main\resources to target\classes
2024-08-22 15:17:24,539 [Worker-19: Launching primeiros-passos - PrimeirosPassosApplication] INFO  o.a.m.s.f.DefaultMavenResourcesFiltering - skip non existing resourceDirectory C:\Estudos\DIO\BootcampSantanderDio\Aulas-SpringBoot\Nova pasta\primeiros-passos\primeiros-passos\src\test\resources
2024-08-22 15:19:04,952 [Worker-20: Launching primeiros-passos - PrimeirosPassosApplication] INFO  o.a.m.s.f.DefaultMavenResourcesFiltering - Copying 1 resource from src\main\resources to target\classes
2024-08-22 15:19:04,966 [Worker-20: Launching primeiros-passos - PrimeirosPassosApplication] INFO  o.a.m.s.f.DefaultMavenResourcesFiltering - Copying 0 resource from src\main\resources to target\classes
2024-08-22 15:19:04,969 [Worker-20: Launching primeiros-passos - PrimeirosPassosApplication] INFO  o.a.m.s.f.DefaultMavenResourcesFiltering - skip non existing resourceDirectory C:\Estudos\DIO\BootcampSantanderDio\Aulas-SpringBoot\Nova pasta\primeiros-passos\primeiros-passos\src\test\resources
2024-08-22 15:23:40,826 [Worker-20: Building] INFO  o.a.m.s.f.DefaultMavenResourcesFiltering - Copying 1 resource from src\main\resources to target\classes
2024-08-22 15:23:40,834 [Worker-20: Building] INFO  o.a.m.s.f.DefaultMavenResourcesFiltering - Copying 0 resource from src\main\resources to target\classes
2024-08-22 15:23:40,835 [Worker-20: Building] INFO  o.a.m.s.f.DefaultMavenResourcesFiltering - skip non existing resourceDirectory C:\Estudos\DIO\BootcampSantanderDio\Aulas-SpringBoot\Nova pasta\primeiros-passos\primeiros-passos\src\test\resources
2024-08-22 15:24:40,435 [Worker-25: Launching primeiros-passos - PrimeirosPassosApplication] INFO  o.a.m.s.f.DefaultMavenResourcesFiltering - Copying 1 resource from src\main\resources to target\classes
2024-08-22 15:24:40,518 [Worker-25: Launching primeiros-passos - PrimeirosPassosApplication] INFO  o.a.m.s.f.DefaultMavenResourcesFiltering - Copying 0 resource from src\main\resources to target\classes
2024-08-22 15:24:40,519 [Worker-25: Launching primeiros-passos - PrimeirosPassosApplication] INFO  o.a.m.s.f.DefaultMavenResourcesFiltering - skip non existing resourceDirectory C:\Estudos\DIO\BootcampSantanderDio\Aulas-SpringBoot\Nova pasta\primeiros-passos\primeiros-passos\src\test\resources
2024-08-22 15:29:03,878 [Worker-28: Building] INFO  o.a.m.s.f.DefaultMavenResourcesFiltering - Copying 1 resource from src\main\resources to target\classes
2024-08-22 15:29:03,999 [Worker-28: Building] INFO  o.a.m.s.f.DefaultMavenResourcesFiltering - Copying 0 resource from src\main\resources to target\classes
2024-08-22 15:29:04,001 [Worker-28: Building] INFO  o.a.m.s.f.DefaultMavenResourcesFiltering - skip non existing resourceDirectory C:\Estudos\DIO\BootcampSantanderDio\Aulas-SpringBoot\Nova pasta\primeiros-passos\primeiros-passos\src\test\resources
2024-08-22 15:32:57,637 [Worker-20: Building] INFO  o.a.m.s.f.DefaultMavenResourcesFiltering - Copying 1 resource from src\main\resources to target\classes
2024-08-22 15:32:57,646 [Worker-20: Building] INFO  o.a.m.s.f.DefaultMavenResourcesFiltering - Copying 0 resource from src\main\resources to target\classes
2024-08-22 15:32:57,649 [Worker-20: Building] INFO  o.a.m.s.f.DefaultMavenResourcesFiltering - skip non existing resourceDirectory C:\Estudos\DIO\BootcampSantanderDio\Aulas-SpringBoot\Nova pasta\primeiros-passos\primeiros-passos\src\test\resources
2024-08-22 15:37:27,312 [Worker-34: Building] INFO  o.a.m.s.f.DefaultMavenResourcesFiltering - Copying 1 resource from src\main\resources to target\classes
2024-08-22 15:37:27,322 [Worker-34: Building] INFO  o.a.m.s.f.DefaultMavenResourcesFiltering - Copying 0 resource from src\main\resources to target\classes
2024-08-22 15:37:27,324 [Worker-34: Building] INFO  o.a.m.s.f.DefaultMavenResourcesFiltering - skip non existing resourceDirectory C:\Estudos\DIO\BootcampSantanderDio\Aulas-SpringBoot\Nova pasta\primeiros-passos\primeiros-passos\src\test\resources
