2024-09-05 14:49:00,400 [Worker-4: Loading available Gradle versions] INFO  o.e.b.c.i.u.g.PublishedGradleVersions - Gradle version information cache is out-of-date. Trying to update.
2024-09-05 14:49:04,249 [Worker-7: Updating Maven Dependencies] INFO  o.e.m.c.i.l.LifecycleMappingFactory - Using org.eclipse.m2e.jdt.JarLifecycleMapping lifecycle mapping for MavenProject: dio:aula-spring-data-jpa:0.0.1-SNAPSHOT @ C:\Estudos\DIO\BootcampSantanderDio\Aulas-Spring-DIO\dio-springboot\aula-spring-data-jpa\aula-spring-data-jpa\pom.xml.
2024-09-05 14:49:05,486 [Worker-0: Updating Maven Project] INFO  o.e.m.c.i.p.ProjectConfigurationManager - Update started
2024-09-05 14:49:06,690 [Worker-0: Updating Maven Project] INFO  o.e.m.c.i.l.LifecycleMappingFactory - Using org.eclipse.m2e.jdt.JarLifecycleMapping lifecycle mapping for MavenProject: dio:aula-spring-data-jpa:0.0.1-SNAPSHOT @ C:\Estudos\DIO\BootcampSantanderDio\Aulas-Spring-DIO\dio-springboot\aula-spring-data-jpa\aula-spring-data-jpa\pom.xml.
2024-09-05 14:49:08,021 [Worker-0: Updating Maven Project] INFO  o.e.m.j.i.AbstractJavaProjectConfigurator - Adding source folder /aula-spring-data-jpa/src/main/java
2024-09-05 14:49:08,025 [Worker-0: Updating Maven Project] INFO  o.e.m.j.i.AbstractJavaProjectConfigurator - Adding resource folder /aula-spring-data-jpa/src/main/resources
2024-09-05 14:49:08,028 [Worker-0: Updating Maven Project] INFO  o.e.m.j.i.AbstractJavaProjectConfigurator - Adding resource folder /aula-spring-data-jpa/src/main/resources
2024-09-05 14:49:08,030 [Worker-0: Updating Maven Project] INFO  o.e.m.j.i.AbstractJavaProjectConfigurator - Adding source folder /aula-spring-data-jpa/src/test/java
2024-09-05 14:49:08,031 [Worker-0: Updating Maven Project] INFO  o.e.m.j.i.AbstractJavaProjectConfigurator - Adding resource folder /aula-spring-data-jpa/src/test/resources
2024-09-05 14:49:08,520 [Worker-0: Updating Maven Project] INFO  o.e.m.c.i.p.ProjectConfigurationManager - Update completed for 1 poms: local refresh takes 0,00 sec, refresh facades takes 1,00 sec, update config takes 0,00 sec 
2024-09-05 14:49:08,527 [Worker-6: Updating Maven Project] INFO  o.e.m.c.i.p.ProjectConfigurationManager - Update started
2024-09-05 14:49:09,278 [Worker-6: Updating Maven Project] INFO  o.e.m.c.i.l.LifecycleMappingFactory - Using org.eclipse.m2e.jdt.JarLifecycleMapping lifecycle mapping for MavenProject: dio:aula-spring-data-jpa:0.0.1-SNAPSHOT @ C:\Estudos\DIO\BootcampSantanderDio\Aulas-Spring-DIO\dio-springboot\aula-spring-data-jpa\aula-spring-data-jpa\pom.xml.
2024-09-05 14:49:11,231 [Worker-6: Updating Maven Project] INFO  o.e.m.j.i.AbstractJavaProjectConfigurator - Adding source folder /aula-spring-data-jpa/src/main/java
2024-09-05 14:49:11,233 [Worker-6: Updating Maven Project] INFO  o.e.m.j.i.AbstractJavaProjectConfigurator - Adding resource folder /aula-spring-data-jpa/src/main/resources
2024-09-05 14:49:11,235 [Worker-6: Updating Maven Project] INFO  o.e.m.j.i.AbstractJavaProjectConfigurator - Adding resource folder /aula-spring-data-jpa/src/main/resources
2024-09-05 14:49:11,236 [Worker-6: Updating Maven Project] INFO  o.e.m.j.i.AbstractJavaProjectConfigurator - Adding source folder /aula-spring-data-jpa/src/test/java
2024-09-05 14:49:11,238 [Worker-6: Updating Maven Project] INFO  o.e.m.j.i.AbstractJavaProjectConfigurator - Adding resource folder /aula-spring-data-jpa/src/test/resources
2024-09-05 14:49:11,562 [Worker-6: Updating Maven Project] INFO  o.e.m.c.i.p.ProjectConfigurationManager - Update completed for 1 poms: local refresh takes 0,00 sec, refresh facades takes 2,00 sec, update config takes 0,00 sec 
2024-09-05 14:49:11,569 [Worker-0: Updating Maven Project] INFO  o.e.m.c.i.p.ProjectConfigurationManager - Update started
2024-09-05 14:49:12,273 [Worker-0: Updating Maven Project] INFO  o.e.m.c.i.l.LifecycleMappingFactory - Using org.eclipse.m2e.jdt.JarLifecycleMapping lifecycle mapping for MavenProject: dio:aula-spring-data-jpa:0.0.1-SNAPSHOT @ C:\Estudos\DIO\BootcampSantanderDio\Aulas-Spring-DIO\dio-springboot\aula-spring-data-jpa\aula-spring-data-jpa\pom.xml.
2024-09-05 14:49:13,253 [Worker-0: Updating Maven Project] INFO  o.e.m.j.i.AbstractJavaProjectConfigurator - Adding source folder /aula-spring-data-jpa/src/main/java
2024-09-05 14:49:13,254 [Worker-0: Updating Maven Project] INFO  o.e.m.j.i.AbstractJavaProjectConfigurator - Adding resource folder /aula-spring-data-jpa/src/main/resources
2024-09-05 14:49:13,256 [Worker-0: Updating Maven Project] INFO  o.e.m.j.i.AbstractJavaProjectConfigurator - Adding resource folder /aula-spring-data-jpa/src/main/resources
2024-09-05 14:49:13,257 [Worker-0: Updating Maven Project] INFO  o.e.m.j.i.AbstractJavaProjectConfigurator - Adding source folder /aula-spring-data-jpa/src/test/java
2024-09-05 14:49:13,258 [Worker-0: Updating Maven Project] INFO  o.e.m.j.i.AbstractJavaProjectConfigurator - Adding resource folder /aula-spring-data-jpa/src/test/resources
2024-09-05 14:49:13,582 [Worker-0: Updating Maven Project] INFO  o.e.m.c.i.p.ProjectConfigurationManager - Update completed for 1 poms: local refresh takes 0,00 sec, refresh facades takes 1,00 sec, update config takes 0,00 sec 
2024-09-05 14:49:13,586 [Worker-14: Updating Maven Project] INFO  o.e.m.c.i.p.ProjectConfigurationManager - Update started
2024-09-05 14:49:14,265 [Worker-14: Updating Maven Project] INFO  o.e.m.c.i.l.LifecycleMappingFactory - Using org.eclipse.m2e.jdt.JarLifecycleMapping lifecycle mapping for MavenProject: dio:aula-spring-data-jpa:0.0.1-SNAPSHOT @ C:\Estudos\DIO\BootcampSantanderDio\Aulas-Spring-DIO\dio-springboot\aula-spring-data-jpa\aula-spring-data-jpa\pom.xml.
2024-09-05 14:49:15,425 [Worker-14: Updating Maven Project] INFO  o.e.m.j.i.AbstractJavaProjectConfigurator - Adding source folder /aula-spring-data-jpa/src/main/java
2024-09-05 14:49:15,427 [Worker-14: Updating Maven Project] INFO  o.e.m.j.i.AbstractJavaProjectConfigurator - Adding resource folder /aula-spring-data-jpa/src/main/resources
2024-09-05 14:49:15,430 [Worker-14: Updating Maven Project] INFO  o.e.m.j.i.AbstractJavaProjectConfigurator - Adding resource folder /aula-spring-data-jpa/src/main/resources
2024-09-05 14:49:15,431 [Worker-14: Updating Maven Project] INFO  o.e.m.j.i.AbstractJavaProjectConfigurator - Adding source folder /aula-spring-data-jpa/src/test/java
2024-09-05 14:49:15,433 [Worker-14: Updating Maven Project] INFO  o.e.m.j.i.AbstractJavaProjectConfigurator - Adding resource folder /aula-spring-data-jpa/src/test/resources
2024-09-05 14:49:15,878 [Worker-14: Updating Maven Project] INFO  o.e.m.c.i.p.ProjectConfigurationManager - Update completed for 1 poms: local refresh takes 0,00 sec, refresh facades takes 1,00 sec, update config takes 0,00 sec 
2024-09-05 14:49:16,553 [Worker-23: Building] INFO  o.a.m.s.f.DefaultMavenResourcesFiltering - Copying 1 resource from src\main\resources to target\classes
2024-09-05 14:49:16,598 [Worker-23: Building] INFO  o.a.m.s.f.DefaultMavenResourcesFiltering - Copying 0 resource from src\main\resources to target\classes
2024-09-05 14:49:16,607 [Worker-23: Building] INFO  o.a.m.s.f.DefaultMavenResourcesFiltering - skip non existing resourceDirectory C:\Estudos\DIO\BootcampSantanderDio\Aulas-Spring-DIO\dio-springboot\aula-spring-data-jpa\aula-spring-data-jpa\src\test\resources
2024-09-05 14:53:42,874 [Worker-2: Loading available Gradle versions] INFO  o.e.b.c.i.u.g.PublishedGradleVersions - Gradle version information cache is up-to-date. Trying to read.
2024-09-10 14:14:20,272 [Worker-1: Loading available Gradle versions] INFO  o.e.b.c.i.u.g.PublishedGradleVersions - Gradle version information cache is out-of-date. Trying to update.
